<?xml version="1.0" encoding="UTF-8"?>
<testsuite name="com.notification.dutynotifier.service.dutyService.userService.EmployeeServiceTest" tests="1" skipped="0" failures="0" errors="0" timestamp="2026-07-28T15:43:57.522Z" hostname="DESKTOP-28R49P9" time="0.033">
  <properties/>
  <testcase name="shouldCreateEmployee()" classname="com.notification.dutynotifier.service.dutyService.userService.EmployeeServiceTest" time="0.032"/>
  <system-out><![CDATA[]]></system-out>
  <system-err><![CDATA[]]></system-err>
</testsuite>
